<?xml version="1.0" encoding="UTF-8"?>
<!-- Generated by org.testng.reporters.JUnitReportReporter -->
<testsuite hostname="Rashidas-MacBook-Air.local" failures="0" tests="3" name="testNGpractice" time="0.055" errors="0" timestamp="2020-07-05T11:49:07 GMT-04:00" skipped="0">
  <testcase classname="testNGpractice" name="td" time="0.016"/>
  <system-out/>
  <testcase classname="testNGpractice" name="f" time="0.009"/>
  <system-out/>
  <testcase classname="testNGpractice" name="third" time="0.030"/>
  <system-out/>
</testsuite> <!-- testNGpractice -->
