<?xml version="1.0" encoding="UTF-8"?>
<!-- Generated by org.testng.reporters.JUnitReportReporter -->
<testsuite hostname="Rashidas-MacBook-Air.local" failures="0" tests="1" name="piit.Regression.Practice_ImplicitWait" time="0.565" errors="0" timestamp="2020-07-13T23:57:46 GMT-04:00" skipped="0">
  <testcase classname="piit.Regression.Practice_ImplicitWait" name="f" time="0.565"/>
  <system-out/>
</testsuite> <!-- piit.Regression.Practice_ImplicitWait -->
