<?xml version="1.0" encoding="UTF-8"?>
<!-- Generated by org.testng.reporters.JUnitReportReporter -->
<testsuite hostname="Rashidas-MacBook-Air.local" failures="0" tests="2" name="Pages.Continue_PageObjectModel" time="5.955" errors="0" timestamp="2020-07-17T23:10:42 GMT-04:00" skipped="0">
  <testcase classname="Pages.Continue_PageObjectModel" name="f" time="2.225"/>
  <system-out/>
  <testcase classname="Pages.Continue_PageObjectModel" name="forgotL" time="3.730"/>
  <system-out/>
</testsuite> <!-- Pages.Continue_PageObjectModel -->
