<?xml version="1.0" encoding="UTF-8"?>
<!-- Generated by org.testng.reporters.JUnitReportReporter -->
<testsuite hostname="Rashidas-MacBook-Air.local" failures="0" tests="1" name="piit.Regression.Action_Window" time="2.929" errors="0" timestamp="2020-07-12T00:59:47 GMT-04:00" skipped="0">
  <testcase classname="piit.Regression.Action_Window" name="f" time="2.929"/>
  <system-out/>
</testsuite> <!-- piit.Regression.Action_Window -->
