<?xml version="1.0" encoding="UTF-8"?>
<!-- Generated by org.testng.reporters.JUnitReportReporter -->
<testsuite hostname="Rashidas-MacBook-Air.local" failures="0" tests="1" name="TestNG.testNG_Practice.Assignment_July1120" time="4.469" errors="0" timestamp="2020-07-10T23:34:58 GMT-04:00" skipped="0">
  <testcase classname="TestNG.testNG_Practice.Assignment_July1120" name="f" time="4.469"/>
  <system-out/>
</testsuite> <!-- TestNG.testNG_Practice.Assignment_July1120 -->
